This is pdfTeX, Version 3.14159265-2.6-1.40.17 (TeX Live 2016) (preloaded format=pdflatex 2016.12.13)  8 APR 2020 19:18
entering extended mode
 restricted \write18 enabled.
 %&-line parsing enabled.
**"mathematics and algorithms.tex"
(./mathematics and algorithms.tex
LaTeX2e <2016/03/31>
Babel <3.9r> and hyphenation patterns for 83 language(s) loaded.
(/usr/local/texlive/2016/texmf-dist/tex/latex/base/article.cls
Document Class: article 2014/09/29 v1.4h Standard LaTeX document class
(/usr/local/texlive/2016/texmf-dist/tex/latex/base/size10.clo
File: size10.clo 2014/09/29 v1.4h Standard LaTeX file (size option)
)
\c@part=\count79
\c@section=\count80
\c@subsection=\count81
\c@subsubsection=\count82
\c@paragraph=\count83
\c@subparagraph=\count84
\c@figure=\count85
\c@table=\count86
\abovecaptionskip=\skip41
\belowcaptionskip=\skip42
\bibindent=\dimen102
)
(/usr/local/texlive/2016/texmf-dist/tex/latex/lipsum/lipsum.sty
Package: lipsum 2014/07/27 v1.3 150 paragraphs of Lorem Ipsum dummy text
\c@lips@count=\count87
)
(./mathematics and algorithms.aux)
\openout1 = `"mathematics and algorithms.aux"'.

LaTeX Font Info:    Checking defaults for OML/cmm/m/it on input line 8.
LaTeX Font Info:    ... okay on input line 8.
LaTeX Font Info:    Checking defaults for T1/cmr/m/n on input line 8.
LaTeX Font Info:    ... okay on input line 8.
LaTeX Font Info:    Checking defaults for OT1/cmr/m/n on input line 8.
LaTeX Font Info:    ... okay on input line 8.
LaTeX Font Info:    Checking defaults for OMS/cmsy/m/n on input line 8.
LaTeX Font Info:    ... okay on input line 8.
LaTeX Font Info:    Checking defaults for OMX/cmex/m/n on input line 8.
LaTeX Font Info:    ... okay on input line 8.
LaTeX Font Info:    Checking defaults for U/cmr/m/n on input line 8.
LaTeX Font Info:    ... okay on input line 8.
LaTeX Font Info:    External font `cmex10' loaded for size
(Font)              <12> on input line 9.
LaTeX Font Info:    External font `cmex10' loaded for size
(Font)              <8> on input line 9.
LaTeX Font Info:    External font `cmex10' loaded for size
(Font)              <6> on input line 9.
 (./mathematics and algorithms.toc)
\tf@toc=\write3
\openout3 = `"mathematics and algorithms.toc"'.

 [1{/usr/local/texlive/2016/texmf-var/fonts/map/pdftex/updmap/pdftex.map}



]
(./mathematics and algorithms.aux) ) 
Here is how much of TeX's memory you used:
 422 strings out of 493014
 4975 string characters out of 6133350
 155724 words of memory out of 5000000
 4033 multiletter control sequences out of 15000+600000
 7280 words of font info for 26 fonts, out of 8000000 for 9000
 1141 hyphenation exceptions out of 8191
 23i,7n,19p,155b,207s stack positions out of 5000i,500n,10000p,200000b,80000s
</usr/local/texlive/2016/texmf-dist/fonts/t
ype1/public/amsfonts/cm/cmbx12.pfb></usr/local/texlive/2016/texmf-dist/fonts/ty
pe1/public/amsfonts/cm/cmr10.pfb></usr/local/texlive/2016/texmf-dist/fonts/type
1/public/amsfonts/cm/cmr12.pfb></usr/local/texlive/2016/texmf-dist/fonts/type1/
public/amsfonts/cm/cmr17.pfb>
Output written on "mathematics and algorithms.pdf" (1 page, 45930 bytes).
PDF statistics:
 24 PDF objects out of 1000 (max. 8388607)
 16 compressed objects within 1 object stream
 0 named destinations out of 1000 (max. 500000)
 1 words of extra memory for PDF output out of 10000 (max. 10000000)

